<?xml version="1.0" encoding="UTF-8"?>
<testsuites>
  <testsuite name="" tests="4" assertions="4" errors="0" warnings="0" failures="0" skipped="0" time="0.269470">
    <testsuite name="Spatie Test Suite" tests="4" assertions="4" errors="0" warnings="0" failures="0" skipped="0" time="0.269470">
      <testsuite name="Bfg\Text\Test\HelpersTest" file="/Users/xsaven/PhpstormProjects/bfg_developer/vendor/bfg/text/tests/HelpersTest.php" tests="4" assertions="4" errors="0" warnings="0" failures="0" skipped="0" time="0.269470">
        <testcase name="testIsJson" class="Bfg\Text\Test\HelpersTest" classname="Bfg.Text.Test.HelpersTest" file="/Users/xsaven/PhpstormProjects/bfg_developer/vendor/bfg/text/tests/HelpersTest.php" line="7" assertions="1" time="0.231948"/>
        <testcase name="testLangInText" class="Bfg\Text\Test\HelpersTest" classname="Bfg.Text.Test.HelpersTest" file="/Users/xsaven/PhpstormProjects/bfg_developer/vendor/bfg/text/tests/HelpersTest.php" line="13" assertions="1" time="0.015024"/>
        <testcase name="testTagReplace" class="Bfg\Text\Test\HelpersTest" classname="Bfg.Text.Test.HelpersTest" file="/Users/xsaven/PhpstormProjects/bfg_developer/vendor/bfg/text/tests/HelpersTest.php" line="19" assertions="1" time="0.010550"/>
        <testcase name="testFileLinesGetContents" class="Bfg\Text\Test\HelpersTest" classname="Bfg.Text.Test.HelpersTest" file="/Users/xsaven/PhpstormProjects/bfg_developer/vendor/bfg/text/tests/HelpersTest.php" line="28" assertions="1" time="0.011947"/>
      </testsuite>
    </testsuite>
  </testsuite>
</testsuites>
